[тав] Compiling...
No files changed, compilation skipped
Deployer: 0xc310d32Aa5B9e1896321753BD9c7Ac630f1Cdfeb
Deployed to: 0xAF203400f694B1175A842c6eA75717de05bf1659
Transaction hash: 0x3a461b299010931b66888f210361a7aad894ebdca8731eee364567695415bf63
[тав] Compiling...
No files changed, compilation skipped
Deployer: 0xc310d32Aa5B9e1896321753BD9c7Ac630f1Cdfeb
Deployed to: 0x782d151FAdeE524bD8b698B4f4866dc93bFC03ae
Transaction hash: 0x948bee3ab017937966dcb3ee130d5c1efcd3d5f7d7a4f9c3caa8b3869899dd98
[тав] Compiling...
No files changed, compilation skipped
Deployer: 0xc310d32Aa5B9e1896321753BD9c7Ac630f1Cdfeb
Deployed to: 0x7B619eD3e8449cA3C83Dbb6dCBf0F03b1721d1c4
Transaction hash: 0xf6e031c0e23018bbf8509c06373e638aebd75d9ce1a260e36b81d99b3504840d
No files changed, compilation skipped
Deployer: 0x15B986454e0F4C9B3E97255E361f2071C0eB7C57
Deployed to: 0x78691f401f560Dd069E279EeDb0F79EC6B5bD472
Transaction hash: 0x2547cf529526d84c38a3f3bc149832a6156a874bcd936445a7d13c984654a38e
Deploying test tokens to HTTP://127.0.0.1:7545
Compiling 2 files with 0.8.19
Solc 0.8.19 finished in 398.68ms
Compiler run [32msuccessful![0m
Deployer: 0x15B986454e0F4C9B3E97255E361f2071C0eB7C57
Deployed to: 0x16796b3cA85dB3ca49F8320862F3AE268a2dca7A
Transaction hash: 0xc7b2d54a3a3439e0956dc745045f63ee3792fa1cc8d58eabf8ccc2c88d62c152
No files changed, compilation skipped
Deployer: 0x15B986454e0F4C9B3E97255E361f2071C0eB7C57
Deployed to: 0x3cE1f36240399E07448ec19E3AA0B7a9A0251FCd
Transaction hash: 0x0481d48ccdf248362d91ef329c58469d80ef1e0e25b63ddfd5653d2e4eb1e417
No files changed, compilation skipped
Deployer: 0x15B986454e0F4C9B3E97255E361f2071C0eB7C57
Deployed to: 0x854714Ec994B604bE2bB8eFad3C2D268e8e62385
Transaction hash: 0xf56041456e038ee63849211b0c394f5f9e749b14248b1dfd7d84218e99a67bf1
Deploying test tokens to HTTP://127.0.0.1:7545
No files changed, compilation skipped
Deployer: 0x15B986454e0F4C9B3E97255E361f2071C0eB7C57
Deployed to: 0x42F1cba80d67Ac969635d388b3Ec3E3d319ce3c3
Transaction hash: 0xf514bbe24d57c0c6500fca5dd502b02f3e643c30c12017f36bbdfd6264e3f38a
No files changed, compilation skipped
Deployer: 0x15B986454e0F4C9B3E97255E361f2071C0eB7C57
Deployed to: 0x622e267884CB3E1B1c6008870E463c0110183229
Transaction hash: 0xf4bef9c1b559c899f2fdc846cf88d3947a2d39f6c13c85b9210926a4fa93572a
No files changed, compilation skipped
Deployer: 0x15B986454e0F4C9B3E97255E361f2071C0eB7C57
Deployed to: 0x2F39DaE799911129a75133fA53dC63e91EC7B2ce
Transaction hash: 0x4e0f402e90ad5f792fb710af129eba3526eb518e935e75526d9bb9ef58ffd94c
Current timestamp: 2023-07-21 11:35:52
Deploying test tokens to HTTP://127.0.0.1:7545
No files changed, compilation skipped
Deployer: 0x15B986454e0F4C9B3E97255E361f2071C0eB7C57
Deployed to: 0x732f91d200531737D1bC8D86410C86809b9Bf221
Transaction hash: 0x80aba3873be12a884fe0a3543ac046171c11ee7710c20cde464416239e53ecc6
No files changed, compilation skipped
Deployer: 0x15B986454e0F4C9B3E97255E361f2071C0eB7C57
Deployed to: 0xE86bC801055077a993BD1Efca5e8288A9Ef16378
Transaction hash: 0x88d0e15ce5b024408caf73b4670c87e977cba9076e2b850f3d8333c2181395e4
No files changed, compilation skipped
Deployer: 0x15B986454e0F4C9B3E97255E361f2071C0eB7C57
Deployed to: 0xdBC6637ac8e89A1A01472820B4769B0284C4E4f3
Transaction hash: 0x79756d05a337676c9aa564990c7ed4741f0633a74579704c36fbaa49ab0181df
Current timestamp: 2023-07-21 12:09:36
Deploying test tokens to HTTP://127.0.0.1:7545
Compiling 4 files with 0.8.19
Solc 0.8.19 finished in 431.51ms
Compiler run [32msuccessful![0m
Deployer: 0x15B986454e0F4C9B3E97255E361f2071C0eB7C57
Deployed to: 0x8e83b8631A0cd35B8439024ffb484760D0869919
Transaction hash: 0x13b7597a41f61537170cafaddc8744af9152f1b5a372ee1621710018fe5a1dff
No files changed, compilation skipped
Deployer: 0x15B986454e0F4C9B3E97255E361f2071C0eB7C57
Deployed to: 0x41cC24A0b2bA758F7EF4Dbc9c58EF41a6afBec13
Transaction hash: 0x8a4eeb1ba27a91783bdb68ea56176fa0a352325a3c130b405b237b407d01118b
No files changed, compilation skipped
Deployer: 0x15B986454e0F4C9B3E97255E361f2071C0eB7C57
Deployed to: 0x98B0A1533690D2B5295305e0ce52CF8F9faa87FA
Transaction hash: 0x268bf371d7ee7ecffdab1392eb02bdbcf3f332218ad0a44c32a5cafac28aec51
No files changed, compilation skipped
No files changed, compilation skipped
No files changed, compilation skipped
Deployer: 0x15B986454e0F4C9B3E97255E361f2071C0eB7C57
Deployed to: 0x2bcd70e13B20628475DbE7b82871adcF17f13759
Transaction hash: 0xe3bb48c2676346f210a740698cc2c62469f958d4fde0426271b3e6f8a3570a00
No files changed, compilation skipped
Deployer: 0x15B986454e0F4C9B3E97255E361f2071C0eB7C57
Deployed to: 0xa4b5E7D6177e22e0124aee06534ec290278b48C1
Transaction hash: 0x610e6cf5dbb34ddd14b00a7f923239f239d698409a051d6fe4b533c209015d7a
Deploying staking contract to HTTP://127.0.0.1:7545
No files changed, compilation skipped
Deployer: 0x15B986454e0F4C9B3E97255E361f2071C0eB7C57
Deployed to: 0x829b62cc1F497a35DDd323deCD14daE36bA76f61
Transaction hash: 0xb35d0e9a2b378eaadc03900ed4087d9a14f36ca083e42ceecd35e110dfcfd9cd
Deploying staking contract to HTTP://127.0.0.1:7545
No files changed, compilation skipped
Deployer: 0x15B986454e0F4C9B3E97255E361f2071C0eB7C57
Deployed to: 0xbd7e3c1c46eF380011A32F13bBa74cF5D18D34f8
Transaction hash: 0x3bdb9e8507861eb9f290523f1843c76456f569ecb47482038350a5ca30ec33f4
Deploying staking contract to HTTP://127.0.0.1:7545
No files changed, compilation skipped
Deployer: 0x15B986454e0F4C9B3E97255E361f2071C0eB7C57
Deployed to: 0xb7D17266E0a3f8F850fc5D5C2eBF845e8f820bc8
Transaction hash: 0xf99fd72b4ff54f4ef1752497c2cf2c30873041b69d2548ca16387b1b39c2b5f2
Deploying staking contract to HTTP://127.0.0.1:7545
No files changed, compilation skipped
Deployer: 0x15B986454e0F4C9B3E97255E361f2071C0eB7C57
Deployed to: 0x00Ff071eEe1Bcae721f60dFDA570b5B8B42E1ab8
Transaction hash: 0xcd1d22b09075f230e5b5186cdc3c950bb0469f87d952bceb3567add5842e9d50
Current timestamp: 2023-07-22 23:30:01
Deploying test tokens to HTTP://127.0.0.1:7545
No files changed, compilation skipped
Deployer: 0x15B986454e0F4C9B3E97255E361f2071C0eB7C57
Deployed to: 0x24A384277C9E5E90529A5b8eC0561986A035E89F
Transaction hash: 0x43a7e927321461b7f077fca20d4baf3575bed27b33e570d3a3ef359eed4bf651
No files changed, compilation skipped
Deployer: 0x15B986454e0F4C9B3E97255E361f2071C0eB7C57
Deployed to: 0x1A57606a506e17cd73D78d64dAF9D42AAAa5eE78
Transaction hash: 0xe6611472b227664c15543be6282862389a1c3e0625625fc8abfd37331ee2d4fc
Current timestamp: 2023-07-22 23:31:06
Deploying test tokens to HTTP://127.0.0.1:7545
No files changed, compilation skipped
Deployer: 0x15B986454e0F4C9B3E97255E361f2071C0eB7C57
Deployed to: 0xf129BBf2dc2adE88005fD3f6E7ad62eb238a3A98
Transaction hash: 0x9f286e3f7291a265ac8a214d0cd1e07b14759947bef0c6eb57994078cb065fc5
No files changed, compilation skipped
Deployer: 0x15B986454e0F4C9B3E97255E361f2071C0eB7C57
Deployed to: 0x46Fa692953263F1E4e9D78d64fe7cC7a60456194
Transaction hash: 0x7c5beaf5e1eff77311fa89773398ce027c414f382f2119f2ab95fbcb1273705f
No files changed, compilation skipped
Deployer: 0x15B986454e0F4C9B3E97255E361f2071C0eB7C57
Deployed to: 0x3D950D4228Bb6b070F9336713dc3833F35895186
Transaction hash: 0x84c80afbb5cc767bf1076db379d9480b892f8d2763186b8615d6af388b9f8a0d
Current timestamp: 2023-07-23 02:16:28
Deploying test tokens to HTTP://127.0.0.1:7545
No files changed, compilation skipped
Deployer: 0x15B986454e0F4C9B3E97255E361f2071C0eB7C57
Deployed to: 0x40538860eace7De052A0BF413Da3D5657b9a78f6
Transaction hash: 0xa651761df8ba06d0c5bcd08eb9d94ca7c9e03d57a4923680b58a18753c30e38a
Current timestamp: 2023-07-23 02:19:19
Deploying test tokens to HTTP://127.0.0.1:7545
No files changed, compilation skipped
Deployer: 0x15B986454e0F4C9B3E97255E361f2071C0eB7C57
Deployed to: 0x5a7E87EE6A111215b8c36db4380B8572da595931
Transaction hash: 0x518a2ce0582098e9a086c668cb11342261577f127eefd4091f65112f6ab2ae43
Current timestamp: 2023-07-23 02:22:02
Deploying test tokens to HTTP://127.0.0.1:7545
No files changed, compilation skipped
Deployer: 0x15B986454e0F4C9B3E97255E361f2071C0eB7C57
Deployed to: 0x62752291A95d65F44fc6bb2BAf506b82AD1351d3
Transaction hash: 0x6771cb387e85c5810e750672c00bfab27b924b761fc762e6dbf5b7644c68048b
Current timestamp: 2023-07-23 02:23:22
Deploying test tokens to HTTP://127.0.0.1:7545
No files changed, compilation skipped
Deployer: 0x15B986454e0F4C9B3E97255E361f2071C0eB7C57
Deployed to: 0xaFc0C79f2090aa36D7b1019ec7Be4095e5Ba1d84
Transaction hash: 0x9d64631086f96769655c4cac842d1e418f84a6754bc8a11a9e53afaccdf9f190
Current timestamp: 2023-07-23 02:24:52
Deploying test tokens to HTTP://127.0.0.1:7545
No files changed, compilation skipped
Deployer: 0x15B986454e0F4C9B3E97255E361f2071C0eB7C57
Deployed to: 0x2209aB08727A9Eac0Da2f0E85252b9564175Fe9C
Transaction hash: 0x5ab437c60f016e9814b4a94d743a84dfb6b172119761b2d5eb316e64b5edf79f
Current timestamp: 2023-07-23 02:25:13
Deploying test tokens to HTTP://127.0.0.1:7545
No files changed, compilation skipped
Deployer: 0x15B986454e0F4C9B3E97255E361f2071C0eB7C57
Deployed to: 0x8bA04bb38E5B4fD9dfd75991dCd91d8a8b607a54
Transaction hash: 0xa24a6f44d301ad700b0fe61d7b0dec40db9f6226c48ce4218a05987ad748d149
Current timestamp: 2023-07-23 02:28:40
Deploying test tokens to https://eth-goerli.g.alchemy.com/v2/MkcJYIw9wbnGhO1LwGIo9aCQNxBN3cCX
No files changed, compilation skipped
Deployer: 0xc310d32Aa5B9e1896321753BD9c7Ac630f1Cdfeb
Deployed to: 0x58B449674A489360C0e32D8A0C4625190c4E0097
Transaction hash: 0xeb736cc20419b17b80e0b4b893ac277f733621591a26d1bbec8fa90f0a7b8ab1
No files changed, compilation skipped
Deployer: 0xc310d32Aa5B9e1896321753BD9c7Ac630f1Cdfeb
Deployed to: 0xE4fa7406066e72e1B662D7E9F82745eC727062ae
Transaction hash: 0xb1dc4bfee3753540690dd949955e501fb4600c36191c6c30eb94d729769a28f0
No files changed, compilation skipped
Deploying staking contract to https://eth-goerli.g.alchemy.com/v2/MkcJYIw9wbnGhO1LwGIo9aCQNxBN3cCX
No files changed, compilation skipped
Deployer: 0xc310d32Aa5B9e1896321753BD9c7Ac630f1Cdfeb
Deployed to: 0xa38c5eCf3602fCd9072E706A0FD2232B624204cb
Transaction hash: 0x4243c2185393404b386a45c8317f82aafafd2dc34dd3667272ccdddb4872072d
Current timestamp: 2023-07-23 02:31:11
Deploying test tokens to https://eth-goerli.g.alchemy.com/v2/MkcJYIw9wbnGhO1LwGIo9aCQNxBN3cCX
No files changed, compilation skipped
Deployer: 0xc310d32Aa5B9e1896321753BD9c7Ac630f1Cdfeb
Deployed to: 0x5b8c30F21d95C2459aE1aDaC15d92D7efBAaFf22
Transaction hash: 0x46d611226e79ed168cb7bedde738c2cbb2e51fa206211780d11eb24db08f59de
